<?xml version="1.0" encoding="UTF-8"?>
<!-- Generated by org.testng.reporters.JUnitReportReporter -->
<testsuite hostname="DESKTOP-NO681DI" failures="0" tests="3" name="testCases.FirstTestCase" time="13.864" errors="0" timestamp="2024-02-26T17:50:00 GMT" skipped="0">
  <testcase classname="testCases.FirstTestCase" name="LaunchApp" time="5.688"/>
  <testcase classname="testCases.FirstTestCase" name="EnterLogindetails" time="0.433"/>
  <testcase classname="testCases.FirstTestCase" name="EquipmentReport" time="7.743"/>
</testsuite> <!-- testCases.FirstTestCase -->
