<?xml version="1.0" encoding="UTF-8"?>
<!-- Generated by org.testng.reporters.JUnitReportReporter -->
<testsuite hostname="DESKTOP-NO681DI" failures="0" tests="3" name="testCases.SecondTestCase" time="13.059" errors="0" timestamp="2024-02-26T17:50:00 GMT" skipped="0">
  <testcase classname="testCases.SecondTestCase" name="EnterLogindetails" time="0.417"/>
  <testcase classname="testCases.SecondTestCase" name="LaunchApp" time="5.830"/>
  <testcase classname="testCases.SecondTestCase" name="SearchResults" time="6.812"/>
</testsuite> <!-- testCases.SecondTestCase -->
