<?xml version="1.0" encoding="UTF-8"?>
<!-- Generated by org.testng.reporters.JUnitReportReporter -->
<testsuite hostname="DESKTOP-NO681DI" failures="0" tests="3" name="testCases.SecondTestCase" time="12.385" errors="0" timestamp="2024-02-26T18:17:59 GMT" skipped="0">
  <testcase classname="testCases.SecondTestCase" name="EnterLogindetails" time="0.411"/>
  <testcase classname="testCases.SecondTestCase" name="LaunchApp" time="5.951"/>
  <testcase classname="testCases.SecondTestCase" name="SearchResults" time="6.023"/>
</testsuite> <!-- testCases.SecondTestCase -->
