<?xml version="1.0" encoding="UTF-8"?>
<!-- Generated by org.testng.reporters.JUnitReportReporter -->
<testsuite hostname="DESKTOP-NO681DI" failures="0" tests="3" name="testCases.FirstTestCase" time="13.946" errors="0" timestamp="2024-02-26T18:17:59 GMT" skipped="0">
  <testcase classname="testCases.FirstTestCase" name="LaunchApp" time="6.000"/>
  <testcase classname="testCases.FirstTestCase" name="EnterLogindetails" time="0.412"/>
  <testcase classname="testCases.FirstTestCase" name="EquipmentReport" time="7.534"/>
</testsuite> <!-- testCases.FirstTestCase -->
