<?xml version="1.0" encoding="UTF-8"?>
<!-- Generated by org.testng.reporters.JUnitReportReporter -->
<testsuite hostname="DESKTOP-NO681DI" failures="0" tests="1" name="Base.FirstTestCase" time="18.712" errors="0" timestamp="2024-02-25T00:58:01 GMT" skipped="0">
  <testcase classname="Base.FirstTestCase" name="EquipmentReport" time="18.712"/>
</testsuite> <!-- Base.FirstTestCase -->
