<?xml version="1.0" encoding="UTF-8"?>
<!-- Generated by org.testng.reporters.JUnitReportReporter -->
<testsuite hostname="DESKTOP-NO681DI" failures="0" tests="1" name="Base.SecondTestCase" time="12.667" errors="0" timestamp="2024-02-25T00:58:01 GMT" skipped="0">
  <testcase classname="Base.SecondTestCase" name="SearchResults" time="12.667"/>
</testsuite> <!-- Base.SecondTestCase -->
